This is pdfTeX, Version 3.14159265-2.6-1.40.19 (MiKTeX 2.9.6730 64-bit) (preloaded format=pdflatex 2018.9.12)  21 MAY 2019 14:11
entering extended mode
**./defend_poster.tex
(defend_poster.tex
LaTeX2e <2018-04-01> patch level 5

("C:\Users\Eugenii\AppData\Local\Programs\MiKTeX 2.9\tex\latex\a0poster\a0poste
r.cls"
Document Class: a0poster 2004/01/31 v1.22b a0poster class (GK, MW)
("C:\Users\Eugenii\AppData\Local\Programs\MiKTeX 2.9\tex\latex\base\article.cls
"
Document Class: article 2014/09/29 v1.4h Standard LaTeX document class
("C:\Users\Eugenii\AppData\Local\Programs\MiKTeX 2.9\tex\latex\base\size10.clo"
File: size10.clo 2014/09/29 v1.4h Standard LaTeX file (size option)
)
\c@part=\count80
\c@section=\count81
\c@subsection=\count82
\c@subsubsection=\count83
\c@paragraph=\count84
\c@subparagraph=\count85
\c@figure=\count86
\c@table=\count87
\abovecaptionskip=\skip41
\belowcaptionskip=\skip42
\bibindent=\dimen102
)
\xkoord=\count88
\ykoord=\count89
\xscale=\count90
\yscale=\count91
\Ausgabe=\write3
\openout3 = `a0header.ps'.


("C:\Users\Eugenii\AppData\Local\Programs\MiKTeX 2.9\tex\latex\a0poster\a0size.
sty"
File: a0size.sty 2004/01/31 v1.22b a0poster class (GK, MW)
LaTeX Font Info:    Redeclaring symbol font `largesymbols' on input line 229.
LaTeX Font Info:    Overwriting symbol font `largesymbols' in version `normal'
(Font)                  OMX/cmex/m/n --> OMX/cmex/m/n on input line 229.
LaTeX Font Info:    Overwriting symbol font `largesymbols' in version `bold'
(Font)                  OMX/cmex/m/n --> OMX/cmex/m/n on input line 229.
\big@size=\dimen103
)) (defs.tex)
("C:\Users\Eugenii\AppData\Local\Programs\MiKTeX 2.9\tex\latex\amsfonts\amssymb
.sty"
Package: amssymb 2013/01/14 v3.01 AMS font symbols

("C:\Users\Eugenii\AppData\Local\Programs\MiKTeX 2.9\tex\latex\amsfonts\amsfont
s.sty"
Package: amsfonts 2013/01/14 v3.01 Basic AMSFonts support
\@emptytoks=\toks14
\symAMSa=\mathgroup4
\symAMSb=\mathgroup5
LaTeX Font Info:    Overwriting math alphabet `\mathfrak' in version `bold'
(Font)                  U/euf/m/n --> U/euf/b/n on input line 106.
))
("C:\Users\Eugenii\AppData\Local\Programs\MiKTeX 2.9\tex\latex\amsmath\amsmath.
sty"
Package: amsmath 2017/09/02 v2.17a AMS math features
\@mathmargin=\skip43

For additional information on amsmath, use the `?' option.

("C:\Users\Eugenii\AppData\Local\Programs\MiKTeX 2.9\tex\latex\amsmath\amstext.
sty"
Package: amstext 2000/06/29 v2.01 AMS text

("C:\Users\Eugenii\AppData\Local\Programs\MiKTeX 2.9\tex\latex\amsmath\amsgen.s
ty"
File: amsgen.sty 1999/11/30 v2.0 generic functions
\@emptytoks=\toks15
\ex@=\dimen104
))
("C:\Users\Eugenii\AppData\Local\Programs\MiKTeX 2.9\tex\latex\amsmath\amsbsy.s
ty"
Package: amsbsy 1999/11/29 v1.2d Bold Symbols
\pmbraise@=\dimen105
)
("C:\Users\Eugenii\AppData\Local\Programs\MiKTeX 2.9\tex\latex\amsmath\amsopn.s
ty"
Package: amsopn 2016/03/08 v2.02 operator names
)
\inf@bad=\count92
LaTeX Info: Redefining \frac on input line 213.
\uproot@=\count93
\leftroot@=\count94
LaTeX Info: Redefining \overline on input line 375.
\classnum@=\count95
\DOTSCASE@=\count96
LaTeX Info: Redefining \ldots on input line 472.
LaTeX Info: Redefining \dots on input line 475.
LaTeX Info: Redefining \cdots on input line 596.
\Mathstrutbox@=\box26
\strutbox@=\box27
\big@size=\dimen106
LaTeX Font Info:    Redeclaring font encoding OML on input line 712.
LaTeX Font Info:    Redeclaring font encoding OMS on input line 713.
\macc@depth=\count97
\c@MaxMatrixCols=\count98
\dotsspace@=\muskip10
\c@parentequation=\count99
\dspbrk@lvl=\count100
\tag@help=\toks16
\row@=\count101
\column@=\count102
\maxfields@=\count103
\andhelp@=\toks17
\eqnshift@=\dimen107
\alignsep@=\dimen108
\tagshift@=\dimen109
\tagwidth@=\dimen110
\totwidth@=\dimen111
\lineht@=\dimen112
\@envbody=\toks18
\multlinegap=\skip44
\multlinetaggap=\skip45
\mathdisplay@stack=\toks19
LaTeX Info: Redefining \[ on input line 2817.
LaTeX Info: Redefining \] on input line 2818.
)
("C:\Users\Eugenii\AppData\Local\Programs\MiKTeX 2.9\tex\latex\algorithms\algor
ithm.sty"
Package: algorithm 2009/08/24 v0.1 Document Style `algorithm' - floating enviro
nment

("C:\Users\Eugenii\AppData\Local\Programs\MiKTeX 2.9\tex\latex\float\float.sty"
Package: float 2001/11/08 v1.3d Float enhancements (AL)
\c@float@type=\count104
\float@exts=\toks20
\float@box=\box28
\@float@everytoks=\toks21
\@floatcapt=\box29
) ("C:\Users\Eugenii\AppData\Local\Programs\MiKTeX 2.9\tex\latex\base\ifthen.st
y"
Package: ifthen 2014/09/29 v1.1c Standard LaTeX ifthen package (DPC)
)
\@float@every@algorithm=\toks22
\c@algorithm=\count105
)
("C:\Users\Eugenii\AppData\Local\Programs\MiKTeX 2.9\tex\latex\algorithms\algor
ithmic.sty"
Package: algorithmic 2009/08/24 v0.1 Document Style `algorithmic'

("C:\Users\Eugenii\AppData\Local\Programs\MiKTeX 2.9\tex\latex\graphics\keyval.
sty"
Package: keyval 2014/10/28 v1.15 key=value parser (DPC)
\KV@toks@=\toks23
)
\c@ALC@unique=\count106
\c@ALC@line=\count107
\c@ALC@rem=\count108
\c@ALC@depth=\count109
\ALC@tlm=\skip46
\algorithmicindent=\skip47
)
("C:\Users\Eugenii\AppData\Local\Programs\MiKTeX 2.9\tex\latex\psnfss\mathptmx.
sty"
Package: mathptmx 2005/04/12 PSNFSS-v9.2a Times w/ Math, improved (SPQR, WaS) 
LaTeX Font Info:    Redeclaring symbol font `operators' on input line 28.
LaTeX Font Info:    Overwriting symbol font `operators' in version `normal'
(Font)                  OT1/cmr/m/n --> OT1/ztmcm/m/n on input line 28.
LaTeX Font Info:    Overwriting symbol font `operators' in version `bold'
(Font)                  OT1/cmr/bx/n --> OT1/ztmcm/m/n on input line 28.
LaTeX Font Info:    Redeclaring symbol font `letters' on input line 29.
LaTeX Font Info:    Overwriting symbol font `letters' in version `normal'
(Font)                  OML/cmm/m/it --> OML/ztmcm/m/it on input line 29.
LaTeX Font Info:    Overwriting symbol font `letters' in version `bold'
(Font)                  OML/cmm/b/it --> OML/ztmcm/m/it on input line 29.
LaTeX Font Info:    Redeclaring symbol font `symbols' on input line 30.
LaTeX Font Info:    Overwriting symbol font `symbols' in version `normal'
(Font)                  OMS/cmsy/m/n --> OMS/ztmcm/m/n on input line 30.
LaTeX Font Info:    Overwriting symbol font `symbols' in version `bold'
(Font)                  OMS/cmsy/b/n --> OMS/ztmcm/m/n on input line 30.
LaTeX Font Info:    Redeclaring symbol font `largesymbols' on input line 31.
LaTeX Font Info:    Overwriting symbol font `largesymbols' in version `normal'
(Font)                  OMX/cmex/m/n --> OMX/ztmcm/m/n on input line 31.
LaTeX Font Info:    Overwriting symbol font `largesymbols' in version `bold'
(Font)                  OMX/cmex/m/n --> OMX/ztmcm/m/n on input line 31.
\symbold=\mathgroup6
\symitalic=\mathgroup7
LaTeX Font Info:    Redeclaring math alphabet \mathbf on input line 34.
LaTeX Font Info:    Overwriting math alphabet `\mathbf' in version `normal'
(Font)                  OT1/cmr/bx/n --> OT1/ptm/bx/n on input line 34.
LaTeX Font Info:    Overwriting math alphabet `\mathbf' in version `bold'
(Font)                  OT1/cmr/bx/n --> OT1/ptm/bx/n on input line 34.
LaTeX Font Info:    Redeclaring math alphabet \mathit on input line 35.
LaTeX Font Info:    Overwriting math alphabet `\mathit' in version `normal'
(Font)                  OT1/cmr/m/it --> OT1/ptm/m/it on input line 35.
LaTeX Font Info:    Overwriting math alphabet `\mathit' in version `bold'
(Font)                  OT1/cmr/bx/it --> OT1/ptm/m/it on input line 35.
LaTeX Info: Redefining \hbar on input line 50.
)
("C:\Users\Eugenii\AppData\Local\Programs\MiKTeX 2.9\tex\latex\graphics\graphic
x.sty"
Package: graphicx 2017/06/01 v1.1a Enhanced LaTeX Graphics (DPC,SPQR)

("C:\Users\Eugenii\AppData\Local\Programs\MiKTeX 2.9\tex\latex\graphics\graphic
s.sty"
Package: graphics 2017/06/25 v1.2c Standard LaTeX Graphics (DPC,SPQR)

("C:\Users\Eugenii\AppData\Local\Programs\MiKTeX 2.9\tex\latex\graphics\trig.st
y"
Package: trig 2016/01/03 v1.10 sin cos tan (DPC)
)
("C:\Users\Eugenii\AppData\Local\Programs\MiKTeX 2.9\tex\latex\graphics-cfg\gra
phics.cfg"
File: graphics.cfg 2016/06/04 v1.11 sample graphics configuration
)
Package graphics Info: Driver file: pdftex.def on input line 99.

("C:\Users\Eugenii\AppData\Local\Programs\MiKTeX 2.9\tex\latex\graphics-def\pdf
tex.def"
File: pdftex.def 2018/01/08 v1.0l Graphics/color driver for pdftex
))
\Gin@req@height=\dimen113
\Gin@req@width=\dimen114
)
("C:\Users\Eugenii\AppData\Local\Programs\MiKTeX 2.9\tex\latex\pgfplots\pgfplot
stable.sty"
("C:\Users\Eugenii\AppData\Local\Programs\MiKTeX 2.9\tex\generic\pgfplots\pgfpl
ots.revision.tex")
Package: pgfplotstable 2018/03/28 v1.16 Table typesetting and Pretty-printing (
1.16)

("C:\Users\Eugenii\AppData\Local\Programs\MiKTeX 2.9\tex\latex\pgfplots\pgfplot
s.sty"
("C:\Users\Eugenii\AppData\Local\Programs\MiKTeX 2.9\tex\generic\pgfplots\pgfpl
ots.revision.tex")
Package: pgfplots 2018/03/28 v1.16 Data Visualization (1.16)

("C:\Users\Eugenii\AppData\Local\Programs\MiKTeX 2.9\tex\latex\pgf\frontendlaye
r\tikz.sty"
("C:\Users\Eugenii\AppData\Local\Programs\MiKTeX 2.9\tex\latex\pgf\basiclayer\p
gf.sty"
("C:\Users\Eugenii\AppData\Local\Programs\MiKTeX 2.9\tex\latex\pgf\utilities\pg
frcs.sty"
("C:\Users\Eugenii\AppData\Local\Programs\MiKTeX 2.9\tex\generic\pgf\utilities\
pgfutil-common.tex"
\pgfutil@everybye=\toks24
\pgfutil@tempdima=\dimen115
\pgfutil@tempdimb=\dimen116

("C:\Users\Eugenii\AppData\Local\Programs\MiKTeX 2.9\tex\generic\pgf\utilities\
pgfutil-common-lists.tex"))
("C:\Users\Eugenii\AppData\Local\Programs\MiKTeX 2.9\tex\generic\pgf\utilities\
pgfutil-latex.def"
\pgfutil@abb=\box30

("C:\Users\Eugenii\AppData\Local\Programs\MiKTeX 2.9\tex\latex\ms\everyshi.sty"
Package: everyshi 2001/05/15 v3.00 EveryShipout Package (MS)
))
("C:\Users\Eugenii\AppData\Local\Programs\MiKTeX 2.9\tex\generic\pgf\utilities\
pgfrcs.code.tex"
Package: pgfrcs 2015/08/07 v3.0.1a (rcs-revision 1.31)
))
Package: pgf 2015/08/07 v3.0.1a (rcs-revision 1.15)

("C:\Users\Eugenii\AppData\Local\Programs\MiKTeX 2.9\tex\latex\pgf\basiclayer\p
gfcore.sty"
("C:\Users\Eugenii\AppData\Local\Programs\MiKTeX 2.9\tex\latex\pgf\systemlayer\
pgfsys.sty"
("C:\Users\Eugenii\AppData\Local\Programs\MiKTeX 2.9\tex\generic\pgf\systemlaye
r\pgfsys.code.tex"
Package: pgfsys 2014/07/09 v3.0.1a (rcs-revision 1.48)

("C:\Users\Eugenii\AppData\Local\Programs\MiKTeX 2.9\tex\generic\pgf\utilities\
pgfkeys.code.tex"
\pgfkeys@pathtoks=\toks25
\pgfkeys@temptoks=\toks26

("C:\Users\Eugenii\AppData\Local\Programs\MiKTeX 2.9\tex\generic\pgf\utilities\
pgfkeysfiltered.code.tex"
\pgfkeys@tmptoks=\toks27
))
\pgf@x=\dimen117
\pgf@y=\dimen118
\pgf@xa=\dimen119
\pgf@ya=\dimen120
\pgf@xb=\dimen121
\pgf@yb=\dimen122
\pgf@xc=\dimen123
\pgf@yc=\dimen124
\w@pgf@writea=\write4
\r@pgf@reada=\read1
\c@pgf@counta=\count110
\c@pgf@countb=\count111
\c@pgf@countc=\count112
\c@pgf@countd=\count113
\t@pgf@toka=\toks28
\t@pgf@tokb=\toks29
\t@pgf@tokc=\toks30

("C:\Users\Eugenii\AppData\Local\Programs\MiKTeX 2.9\tex\generic\pgf\systemlaye
r\pgf.cfg"
File: pgf.cfg 2008/05/14  (rcs-revision 1.7)
)
Driver file for pgf: pgfsys-pdftex.def

("C:\Users\Eugenii\AppData\Local\Programs\MiKTeX 2.9\tex\generic\pgf\systemlaye
r\pgfsys-pdftex.def"
File: pgfsys-pdftex.def 2014/10/11  (rcs-revision 1.35)

("C:\Users\Eugenii\AppData\Local\Programs\MiKTeX 2.9\tex\generic\pgf\systemlaye
r\pgfsys-common-pdf.def"
File: pgfsys-common-pdf.def 2013/10/10  (rcs-revision 1.13)
)))
("C:\Users\Eugenii\AppData\Local\Programs\MiKTeX 2.9\tex\generic\pgf\systemlaye
r\pgfsyssoftpath.code.tex"
File: pgfsyssoftpath.code.tex 2013/09/09  (rcs-revision 1.9)
\pgfsyssoftpath@smallbuffer@items=\count114
\pgfsyssoftpath@bigbuffer@items=\count115
)
("C:\Users\Eugenii\AppData\Local\Programs\MiKTeX 2.9\tex\generic\pgf\systemlaye
r\pgfsysprotocol.code.tex"
File: pgfsysprotocol.code.tex 2006/10/16  (rcs-revision 1.4)
))
("C:\Users\Eugenii\AppData\Local\Programs\MiKTeX 2.9\tex\latex\xcolor\xcolor.st
y"
Package: xcolor 2016/05/11 v2.12 LaTeX color extensions (UK)

("C:\Users\Eugenii\AppData\Local\Programs\MiKTeX 2.9\tex\latex\graphics-cfg\col
or.cfg"
File: color.cfg 2016/01/02 v1.6 sample color configuration
)
Package xcolor Info: Driver file: pdftex.def on input line 225.
Package xcolor Info: Model `cmy' substituted by `cmy0' on input line 1348.
Package xcolor Info: Model `hsb' substituted by `rgb' on input line 1352.
Package xcolor Info: Model `RGB' extended on input line 1364.
Package xcolor Info: Model `HTML' substituted by `rgb' on input line 1366.
Package xcolor Info: Model `Hsb' substituted by `hsb' on input line 1367.
Package xcolor Info: Model `tHsb' substituted by `hsb' on input line 1368.
Package xcolor Info: Model `HSB' substituted by `hsb' on input line 1369.
Package xcolor Info: Model `Gray' substituted by `gray' on input line 1370.
Package xcolor Info: Model `wave' substituted by `hsb' on input line 1371.
)
("C:\Users\Eugenii\AppData\Local\Programs\MiKTeX 2.9\tex\generic\pgf\basiclayer
\pgfcore.code.tex"
Package: pgfcore 2010/04/11 v3.0.1a (rcs-revision 1.7)

("C:\Users\Eugenii\AppData\Local\Programs\MiKTeX 2.9\tex\generic\pgf\math\pgfma
th.code.tex"
("C:\Users\Eugenii\AppData\Local\Programs\MiKTeX 2.9\tex\generic\pgf\math\pgfma
thcalc.code.tex"
("C:\Users\Eugenii\AppData\Local\Programs\MiKTeX 2.9\tex\generic\pgf\math\pgfma
thutil.code.tex")
("C:\Users\Eugenii\AppData\Local\Programs\MiKTeX 2.9\tex\generic\pgf\math\pgfma
thparser.code.tex"
\pgfmath@dimen=\dimen125
\pgfmath@count=\count116
\pgfmath@box=\box31
\pgfmath@toks=\toks31
\pgfmath@stack@operand=\toks32
\pgfmath@stack@operation=\toks33
)
("C:\Users\Eugenii\AppData\Local\Programs\MiKTeX 2.9\tex\generic\pgf\math\pgfma
thfunctions.code.tex"
("C:\Users\Eugenii\AppData\Local\Programs\MiKTeX 2.9\tex\generic\pgf\math\pgfma
thfunctions.basic.code.tex")
("C:\Users\Eugenii\AppData\Local\Programs\MiKTeX 2.9\tex\generic\pgf\math\pgfma
thfunctions.trigonometric.code.tex")
("C:\Users\Eugenii\AppData\Local\Programs\MiKTeX 2.9\tex\generic\pgf\math\pgfma
thfunctions.random.code.tex")
("C:\Users\Eugenii\AppData\Local\Programs\MiKTeX 2.9\tex\generic\pgf\math\pgfma
thfunctions.comparison.code.tex")
("C:\Users\Eugenii\AppData\Local\Programs\MiKTeX 2.9\tex\generic\pgf\math\pgfma
thfunctions.base.code.tex")
("C:\Users\Eugenii\AppData\Local\Programs\MiKTeX 2.9\tex\generic\pgf\math\pgfma
thfunctions.round.code.tex")
("C:\Users\Eugenii\AppData\Local\Programs\MiKTeX 2.9\tex\generic\pgf\math\pgfma
thfunctions.misc.code.tex")
("C:\Users\Eugenii\AppData\Local\Programs\MiKTeX 2.9\tex\generic\pgf\math\pgfma
thfunctions.integerarithmetics.code.tex")))
("C:\Users\Eugenii\AppData\Local\Programs\MiKTeX 2.9\tex\generic\pgf\math\pgfma
thfloat.code.tex"
\c@pgfmathroundto@lastzeros=\count117
))
("C:\Users\Eugenii\AppData\Local\Programs\MiKTeX 2.9\tex\generic\pgf\basiclayer
\pgfcorepoints.code.tex"
File: pgfcorepoints.code.tex 2013/10/07  (rcs-revision 1.27)
\pgf@picminx=\dimen126
\pgf@picmaxx=\dimen127
\pgf@picminy=\dimen128
\pgf@picmaxy=\dimen129
\pgf@pathminx=\dimen130
\pgf@pathmaxx=\dimen131
\pgf@pathminy=\dimen132
\pgf@pathmaxy=\dimen133
\pgf@xx=\dimen134
\pgf@xy=\dimen135
\pgf@yx=\dimen136
\pgf@yy=\dimen137
\pgf@zx=\dimen138
\pgf@zy=\dimen139
)
("C:\Users\Eugenii\AppData\Local\Programs\MiKTeX 2.9\tex\generic\pgf\basiclayer
\pgfcorepathconstruct.code.tex"
File: pgfcorepathconstruct.code.tex 2013/10/07  (rcs-revision 1.29)
\pgf@path@lastx=\dimen140
\pgf@path@lasty=\dimen141
)
("C:\Users\Eugenii\AppData\Local\Programs\MiKTeX 2.9\tex\generic\pgf\basiclayer
\pgfcorepathusage.code.tex"
File: pgfcorepathusage.code.tex 2014/11/02  (rcs-revision 1.24)
\pgf@shorten@end@additional=\dimen142
\pgf@shorten@start@additional=\dimen143
)
("C:\Users\Eugenii\AppData\Local\Programs\MiKTeX 2.9\tex\generic\pgf\basiclayer
\pgfcorescopes.code.tex"
File: pgfcorescopes.code.tex 2015/05/08  (rcs-revision 1.46)
\pgfpic=\box32
\pgf@hbox=\box33
\pgf@layerbox@main=\box34
\pgf@picture@serial@count=\count118
)
("C:\Users\Eugenii\AppData\Local\Programs\MiKTeX 2.9\tex\generic\pgf\basiclayer
\pgfcoregraphicstate.code.tex"
File: pgfcoregraphicstate.code.tex 2014/11/02  (rcs-revision 1.12)
\pgflinewidth=\dimen144
)
("C:\Users\Eugenii\AppData\Local\Programs\MiKTeX 2.9\tex\generic\pgf\basiclayer
\pgfcoretransformations.code.tex"
File: pgfcoretransformations.code.tex 2015/08/07  (rcs-revision 1.20)
\pgf@pt@x=\dimen145
\pgf@pt@y=\dimen146
\pgf@pt@temp=\dimen147
)
("C:\Users\Eugenii\AppData\Local\Programs\MiKTeX 2.9\tex\generic\pgf\basiclayer
\pgfcorequick.code.tex"
File: pgfcorequick.code.tex 2008/10/09  (rcs-revision 1.3)
)
("C:\Users\Eugenii\AppData\Local\Programs\MiKTeX 2.9\tex\generic\pgf\basiclayer
\pgfcoreobjects.code.tex"
File: pgfcoreobjects.code.tex 2006/10/11  (rcs-revision 1.2)
)
("C:\Users\Eugenii\AppData\Local\Programs\MiKTeX 2.9\tex\generic\pgf\basiclayer
\pgfcorepathprocessing.code.tex"
File: pgfcorepathprocessing.code.tex 2013/09/09  (rcs-revision 1.9)
)
("C:\Users\Eugenii\AppData\Local\Programs\MiKTeX 2.9\tex\generic\pgf\basiclayer
\pgfcorearrows.code.tex"
File: pgfcorearrows.code.tex 2015/05/14  (rcs-revision 1.43)
\pgfarrowsep=\dimen148
)
("C:\Users\Eugenii\AppData\Local\Programs\MiKTeX 2.9\tex\generic\pgf\basiclayer
\pgfcoreshade.code.tex"
File: pgfcoreshade.code.tex 2013/07/15  (rcs-revision 1.15)
\pgf@max=\dimen149
\pgf@sys@shading@range@num=\count119
)
("C:\Users\Eugenii\AppData\Local\Programs\MiKTeX 2.9\tex\generic\pgf\basiclayer
\pgfcoreimage.code.tex"
File: pgfcoreimage.code.tex 2013/07/15  (rcs-revision 1.18)

("C:\Users\Eugenii\AppData\Local\Programs\MiKTeX 2.9\tex\generic\pgf\basiclayer
\pgfcoreexternal.code.tex"
File: pgfcoreexternal.code.tex 2014/07/09  (rcs-revision 1.21)
\pgfexternal@startupbox=\box35
))
("C:\Users\Eugenii\AppData\Local\Programs\MiKTeX 2.9\tex\generic\pgf\basiclayer
\pgfcorelayers.code.tex"
File: pgfcorelayers.code.tex 2013/07/18  (rcs-revision 1.7)
)
("C:\Users\Eugenii\AppData\Local\Programs\MiKTeX 2.9\tex\generic\pgf\basiclayer
\pgfcoretransparency.code.tex"
File: pgfcoretransparency.code.tex 2013/09/30  (rcs-revision 1.5)
)
("C:\Users\Eugenii\AppData\Local\Programs\MiKTeX 2.9\tex\generic\pgf\basiclayer
\pgfcorepatterns.code.tex"
File: pgfcorepatterns.code.tex 2013/11/07  (rcs-revision 1.5)
)))
("C:\Users\Eugenii\AppData\Local\Programs\MiKTeX 2.9\tex\generic\pgf\modules\pg
fmoduleshapes.code.tex"
File: pgfmoduleshapes.code.tex 2014/03/21  (rcs-revision 1.35)
\pgfnodeparttextbox=\box36
)
("C:\Users\Eugenii\AppData\Local\Programs\MiKTeX 2.9\tex\generic\pgf\modules\pg
fmoduleplot.code.tex"
File: pgfmoduleplot.code.tex 2015/08/03  (rcs-revision 1.13)
)
("C:\Users\Eugenii\AppData\Local\Programs\MiKTeX 2.9\tex\latex\pgf\compatibilit
y\pgfcomp-version-0-65.sty"
Package: pgfcomp-version-0-65 2007/07/03 v3.0.1a (rcs-revision 1.7)
\pgf@nodesepstart=\dimen150
\pgf@nodesepend=\dimen151
)
("C:\Users\Eugenii\AppData\Local\Programs\MiKTeX 2.9\tex\latex\pgf\compatibilit
y\pgfcomp-version-1-18.sty"
Package: pgfcomp-version-1-18 2007/07/23 v3.0.1a (rcs-revision 1.1)
))
("C:\Users\Eugenii\AppData\Local\Programs\MiKTeX 2.9\tex\latex\pgf\utilities\pg
ffor.sty"
("C:\Users\Eugenii\AppData\Local\Programs\MiKTeX 2.9\tex\latex\pgf\utilities\pg
fkeys.sty"
("C:\Users\Eugenii\AppData\Local\Programs\MiKTeX 2.9\tex\generic\pgf\utilities\
pgfkeys.code.tex"))
("C:\Users\Eugenii\AppData\Local\Programs\MiKTeX 2.9\tex\latex\pgf\math\pgfmath
.sty"
("C:\Users\Eugenii\AppData\Local\Programs\MiKTeX 2.9\tex\generic\pgf\math\pgfma
th.code.tex"))
("C:\Users\Eugenii\AppData\Local\Programs\MiKTeX 2.9\tex\generic\pgf\utilities\
pgffor.code.tex"
Package: pgffor 2013/12/13 v3.0.1a (rcs-revision 1.25)

("C:\Users\Eugenii\AppData\Local\Programs\MiKTeX 2.9\tex\generic\pgf\math\pgfma
th.code.tex")
\pgffor@iter=\dimen152
\pgffor@skip=\dimen153
\pgffor@stack=\toks34
\pgffor@toks=\toks35
))
("C:\Users\Eugenii\AppData\Local\Programs\MiKTeX 2.9\tex\generic\pgf\frontendla
yer\tikz\tikz.code.tex"
Package: tikz 2015/08/07 v3.0.1a (rcs-revision 1.151)

("C:\Users\Eugenii\AppData\Local\Programs\MiKTeX 2.9\tex\generic\pgf\libraries\
pgflibraryplothandlers.code.tex"
File: pgflibraryplothandlers.code.tex 2013/08/31 v3.0.1a (rcs-revision 1.20)
\pgf@plot@mark@count=\count120
\pgfplotmarksize=\dimen154
)
\tikz@lastx=\dimen155
\tikz@lasty=\dimen156
\tikz@lastxsaved=\dimen157
\tikz@lastysaved=\dimen158
\tikzleveldistance=\dimen159
\tikzsiblingdistance=\dimen160
\tikz@figbox=\box37
\tikz@figbox@bg=\box38
\tikz@tempbox=\box39
\tikz@tempbox@bg=\box40
\tikztreelevel=\count121
\tikznumberofchildren=\count122
\tikznumberofcurrentchild=\count123
\tikz@fig@count=\count124

("C:\Users\Eugenii\AppData\Local\Programs\MiKTeX 2.9\tex\generic\pgf\modules\pg
fmodulematrix.code.tex"
File: pgfmodulematrix.code.tex 2013/09/17  (rcs-revision 1.8)
\pgfmatrixcurrentrow=\count125
\pgfmatrixcurrentcolumn=\count126
\pgf@matrix@numberofcolumns=\count127
)
\tikz@expandcount=\count128

("C:\Users\Eugenii\AppData\Local\Programs\MiKTeX 2.9\tex\generic\pgf\frontendla
yer\tikz\libraries\tikzlibrarytopaths.code.tex"
File: tikzlibrarytopaths.code.tex 2008/06/17 v3.0.1a (rcs-revision 1.2)
)))
("C:\Users\Eugenii\AppData\Local\Programs\MiKTeX 2.9\tex\generic\pgfplots\pgfpl
ots.code.tex"
("C:\Users\Eugenii\AppData\Local\Programs\MiKTeX 2.9\tex\generic\pgfplots\pgfpl
otscore.code.tex"
\t@pgfplots@toka=\toks36
\t@pgfplots@tokb=\toks37
\t@pgfplots@tokc=\toks38
\pgfplots@tmpa=\dimen161
\c@pgfplots@coordindex=\count129
\c@pgfplots@scanlineindex=\count130

("C:\Users\Eugenii\AppData\Local\Programs\MiKTeX 2.9\tex\generic\pgfplots\sys\p
gfplotssysgeneric.code.tex"))
("C:\Users\Eugenii\AppData\Local\Programs\MiKTeX 2.9\tex\generic\pgfplots\libs\
pgfplotslibrary.code.tex")
("C:\Users\Eugenii\AppData\Local\Programs\MiKTeX 2.9\tex\generic\pgfplots\oldpg
fcompatib\pgfplotsoldpgfsupp_loader.code.tex"
("C:\Users\Eugenii\AppData\Local\Programs\MiKTeX 2.9\tex\generic\pgf\libraries\
pgflibraryfpu.code.tex")
Package pgfplots: loading complementary arithmetics for your pgf version...

("C:\Users\Eugenii\AppData\Local\Programs\MiKTeX 2.9\tex\generic\pgfplots\oldpg
fcompatib\pgfplotsoldpgfsupp_pgflibraryfpu.code.tex")
("C:\Users\Eugenii\AppData\Local\Programs\MiKTeX 2.9\tex\generic\pgfplots\oldpg
fcompatib\pgfplotsoldpgfsupp_pgfmathfloat.code.tex"
\c@pgfmathroundto@lastzeros=\count131
)
("C:\Users\Eugenii\AppData\Local\Programs\MiKTeX 2.9\tex\generic\pgfplots\oldpg
fcompatib\pgfplotsoldpgfsupp_leq.code.tex"))
("C:\Users\Eugenii\AppData\Local\Programs\MiKTeX 2.9\tex\generic\pgfplots\util\
pgfplotsutil.code.tex"
("C:\Users\Eugenii\AppData\Local\Programs\MiKTeX 2.9\tex\generic\pgfplots\lists
tructure\pgfplotsliststructure.code.tex")
("C:\Users\Eugenii\AppData\Local\Programs\MiKTeX 2.9\tex\generic\pgfplots\lists
tructure\pgfplotsliststructureext.code.tex")
("C:\Users\Eugenii\AppData\Local\Programs\MiKTeX 2.9\tex\generic\pgfplots\lists
tructure\pgfplotsarray.code.tex"
\c@pgfplotsarray@tmp=\count132
)
("C:\Users\Eugenii\AppData\Local\Programs\MiKTeX 2.9\tex\generic\pgfplots\lists
tructure\pgfplotsmatrix.code.tex")
("C:\Users\Eugenii\AppData\Local\Programs\MiKTeX 2.9\tex\generic\pgfplots\numta
ble\pgfplotstableshared.code.tex"
\c@pgfplotstable@counta=\count133
\t@pgfplotstable@a=\toks39
)
("C:\Users\Eugenii\AppData\Local\Programs\MiKTeX 2.9\tex\generic\pgfplots\lists
tructure\pgfplotsdeque.code.tex")
("C:\Users\Eugenii\AppData\Local\Programs\MiKTeX 2.9\tex\generic\pgfplots\util\
pgfplotsbinary.code.tex"
("C:\Users\Eugenii\AppData\Local\Programs\MiKTeX 2.9\tex\generic\pgfplots\util\
pgfplotsbinary.data.code.tex"))
("C:\Users\Eugenii\AppData\Local\Programs\MiKTeX 2.9\tex\generic\pgfplots\util\
pgfplotsutil.verb.code.tex")
("C:\Users\Eugenii\AppData\Local\Programs\MiKTeX 2.9\tex\generic\pgfplots\libs\
pgflibrarypgfplots.surfshading.code.tex"
\c@pgfplotslibrarysurf@no=\count134

("C:\Users\Eugenii\AppData\Local\Programs\MiKTeX 2.9\tex\generic\pgfplots\sys\p
gflibrarypgfplots.surfshading.pgfsys-pdftex.def")))
("C:\Users\Eugenii\AppData\Local\Programs\MiKTeX 2.9\tex\generic\pgfplots\util\
pgfplotscolormap.code.tex"
("C:\Users\Eugenii\AppData\Local\Programs\MiKTeX 2.9\tex\generic\pgfplots\util\
pgfplotscolor.code.tex"))
("C:\Users\Eugenii\AppData\Local\Programs\MiKTeX 2.9\tex\generic\pgfplots\pgfpl
otsstackedplots.code.tex")
("C:\Users\Eugenii\AppData\Local\Programs\MiKTeX 2.9\tex\generic\pgfplots\pgfpl
otsplothandlers.code.tex"
("C:\Users\Eugenii\AppData\Local\Programs\MiKTeX 2.9\tex\generic\pgfplots\pgfpl
otsmeshplothandler.code.tex"
("C:\Users\Eugenii\AppData\Local\Programs\MiKTeX 2.9\tex\generic\pgfplots\pgfpl
otsmeshplotimage.code.tex")))
("C:\Users\Eugenii\AppData\Local\Programs\MiKTeX 2.9\tex\generic\pgfplots\pgfpl
ots.scaling.code.tex")
("C:\Users\Eugenii\AppData\Local\Programs\MiKTeX 2.9\tex\generic\pgfplots\pgfpl
otscoordprocessing.code.tex")
("C:\Users\Eugenii\AppData\Local\Programs\MiKTeX 2.9\tex\generic\pgfplots\pgfpl
ots.errorbars.code.tex")
("C:\Users\Eugenii\AppData\Local\Programs\MiKTeX 2.9\tex\generic\pgfplots\pgfpl
ots.markers.code.tex")
("C:\Users\Eugenii\AppData\Local\Programs\MiKTeX 2.9\tex\generic\pgfplots\pgfpl
otsticks.code.tex")
("C:\Users\Eugenii\AppData\Local\Programs\MiKTeX 2.9\tex\generic\pgfplots\pgfpl
ots.paths.code.tex")
("C:\Users\Eugenii\AppData\Local\Programs\MiKTeX 2.9\tex\generic\pgf\frontendla
yer\tikz\libraries\tikzlibrarydecorations.code.tex"
("C:\Users\Eugenii\AppData\Local\Programs\MiKTeX 2.9\tex\generic\pgf\modules\pg
fmoduledecorations.code.tex"
\pgfdecoratedcompleteddistance=\dimen162
\pgfdecoratedremainingdistance=\dimen163
\pgfdecoratedinputsegmentcompleteddistance=\dimen164
\pgfdecoratedinputsegmentremainingdistance=\dimen165
\pgf@decorate@distancetomove=\dimen166
\pgf@decorate@repeatstate=\count135
\pgfdecorationsegmentamplitude=\dimen167
\pgfdecorationsegmentlength=\dimen168
)
\tikz@lib@dec@box=\box41
)
("C:\Users\Eugenii\AppData\Local\Programs\MiKTeX 2.9\tex\generic\pgf\frontendla
yer\tikz\libraries\tikzlibrarydecorations.pathmorphing.code.tex"
("C:\Users\Eugenii\AppData\Local\Programs\MiKTeX 2.9\tex\generic\pgf\libraries\
decorations\pgflibrarydecorations.pathmorphing.code.tex"))
("C:\Users\Eugenii\AppData\Local\Programs\MiKTeX 2.9\tex\generic\pgf\frontendla
yer\tikz\libraries\tikzlibrarydecorations.pathreplacing.code.tex"
("C:\Users\Eugenii\AppData\Local\Programs\MiKTeX 2.9\tex\generic\pgf\libraries\
decorations\pgflibrarydecorations.pathreplacing.code.tex"))
\pgfplots@numplots=\count136
\pgfplots@xmin@reg=\dimen169
\pgfplots@xmax@reg=\dimen170
\pgfplots@ymin@reg=\dimen171
\pgfplots@ymax@reg=\dimen172
\pgfplots@zmin@reg=\dimen173
\pgfplots@zmax@reg=\dimen174
)
("C:\Users\Eugenii\AppData\Local\Programs\MiKTeX 2.9\tex\generic\pgf\frontendla
yer\tikz\libraries\tikzlibraryplotmarks.code.tex"
File: tikzlibraryplotmarks.code.tex 2008/01/09 v3.0.1a (rcs-revision 1.1)

("C:\Users\Eugenii\AppData\Local\Programs\MiKTeX 2.9\tex\generic\pgf\libraries\
pgflibraryplotmarks.code.tex"
File: pgflibraryplotmarks.code.tex 2015/08/03 v3.0.1a (rcs-revision 1.14)
)))
("C:\Users\Eugenii\AppData\Local\Programs\MiKTeX 2.9\tex\generic\pgfplots\numta
ble\pgfplotstable.code.tex"
("C:\Users\Eugenii\AppData\Local\Programs\MiKTeX 2.9\tex\generic\pgfplots\numta
ble\pgfplotstable.coltype.code.tex"))
("C:\Users\Eugenii\AppData\Local\Programs\MiKTeX 2.9\tex\latex\tools\array.sty"
Package: array 2018/04/30 v2.4h Tabular extension package (FMi)
\col@sep=\dimen175
\ar@mcellbox=\box42
\extrarowheight=\dimen176
\NC@list=\toks40
\extratabsurround=\skip48
\backup@length=\skip49
\ar@cellbox=\box43
))
("C:\Users\Eugenii\AppData\Local\Programs\MiKTeX 2.9\tex\latex\textpos\textpos.
sty"
Package: textpos 2019/04/15 v1.9.1

Package: textpos 2019/04/15 1.9.1, absolute positioning of text on the page
\TP@textbox=\box44
\TP@holdbox=\box45
\TPHorizModule=\dimen177
\TPVertModule=\dimen178
\TP@margin=\dimen179
\TP@absmargin=\dimen180
Grid set 16 x 16 = 211.29729pt x 149.30585pt
\TPboxrulesize=\dimen181
\TP@ox=\dimen182
\TP@oy=\dimen183
\TP@tbargs=\toks41
\TP@prevdepth=\dimen184
TextBlockOrigin set to 0pt x 0pt
) ("C:\Users\Eugenii\AppData\Local\Programs\MiKTeX 2.9\tex\latex\base\fleqn.sty
"

LaTeX Warning: inputting `fleqn.clo' instead of obsolete `fleqn.sty'.

("C:\Users\Eugenii\AppData\Local\Programs\MiKTeX 2.9\tex\latex\base\fleqn.clo"
File: fleqn.clo 2016/12/29 v1.2a Standard LaTeX option (flush left equations)
\mathindent=\dimen185
Applying: [2015/01/01] Make \[ robust on input line 50.
LaTeX Info: Redefining \[ on input line 51.
Already applied: [0000/00/00] Make \[ robust on input line 62.
Applying: [2015/01/01] Make \] robust on input line 74.
LaTeX Info: Redefining \] on input line 75.
Already applied: [0000/00/00] Make \] robust on input line 83.
))
("C:\Users\Eugenii\AppData\Local\Programs\MiKTeX 2.9\tex\latex\psfrag\psfrag.st
y"
Package: psfrag 1998/04/11 v3.04 PSfrag (MCG)
\pfg@pcount=\count137
\pfg@scount=\count138
\pfg@temp=\write5
)
("C:\Users\Eugenii\AppData\Local\Programs\MiKTeX 2.9\tex\latex\wrapfig\wrapfig.
sty"
\wrapoverhang=\dimen186
\WF@size=\dimen187
\c@WF@wrappedlines=\count139
\WF@box=\box46
\WF@everypar=\toks42
Package: wrapfig 2003/01/31  v 3.6
)
("C:\Users\Eugenii\AppData\Local\Programs\MiKTeX 2.9\tex\latex\geometry\geometr
y.sty"
Package: geometry 2018/04/16 v5.8 Page Geometry

("C:\Users\Eugenii\AppData\Local\Programs\MiKTeX 2.9\tex\generic\oberdiek\ifpdf
.sty"
Package: ifpdf 2017/03/15 v3.2 Provides the ifpdf switch
)
("C:\Users\Eugenii\AppData\Local\Programs\MiKTeX 2.9\tex\generic\oberdiek\ifvte
x.sty"
Package: ifvtex 2016/05/16 v1.6 Detect VTeX and its facilities (HO)
Package ifvtex Info: VTeX not detected.
)
("C:\Users\Eugenii\AppData\Local\Programs\MiKTeX 2.9\tex\generic\ifxetex\ifxete
x.sty"
Package: ifxetex 2010/09/12 v0.6 Provides ifxetex conditional
)
\Gm@cnth=\count140
\Gm@cntv=\count141
\c@Gm@tempcnt=\count142
\Gm@bindingoffset=\dimen188
\Gm@wd@mp=\dimen189
\Gm@odd@mp=\dimen190
\Gm@even@mp=\dimen191
\Gm@layoutwidth=\dimen192
\Gm@layoutheight=\dimen193
\Gm@layouthoffset=\dimen194
\Gm@layoutvoffset=\dimen195
\Gm@dimlist=\toks43

("C:\Users\Eugenii\AppData\Local\Programs\MiKTeX 2.9\tex\latex\geometry\geometr
y.cfg"))
("C:\Users\Eugenii\AppData\Local\Programs\MiKTeX 2.9\tex\latex\hyperref\hyperre
f.sty"
Package: hyperref 2018/02/06 v6.86b Hypertext links for LaTeX

("C:\Users\Eugenii\AppData\Local\Programs\MiKTeX 2.9\tex\generic\oberdiek\hobsu
b-hyperref.sty"
Package: hobsub-hyperref 2016/05/16 v1.14 Bundle oberdiek, subset hyperref (HO)


("C:\Users\Eugenii\AppData\Local\Programs\MiKTeX 2.9\tex\generic\oberdiek\hobsu
b-generic.sty"
Package: hobsub-generic 2016/05/16 v1.14 Bundle oberdiek, subset generic (HO)
Package: hobsub 2016/05/16 v1.14 Construct package bundles (HO)
Package: infwarerr 2016/05/16 v1.4 Providing info/warning/error messages (HO)
Package: ltxcmds 2016/05/16 v1.23 LaTeX kernel commands for general use (HO)
Package: ifluatex 2016/05/16 v1.4 Provides the ifluatex switch (HO)
Package ifluatex Info: LuaTeX not detected.
Package hobsub Info: Skipping package `ifvtex' (already loaded).
Package: intcalc 2016/05/16 v1.2 Expandable calculations with integers (HO)
Package hobsub Info: Skipping package `ifpdf' (already loaded).
Package: etexcmds 2016/05/16 v1.6 Avoid name clashes with e-TeX commands (HO)
Package etexcmds Info: Could not find \expanded.
(etexcmds)             That can mean that you are not using pdfTeX 1.50 or
(etexcmds)             that some package has redefined \expanded.
(etexcmds)             In the latter case, load this package earlier.
Package: kvsetkeys 2016/05/16 v1.17 Key value parser (HO)
Package: kvdefinekeys 2016/05/16 v1.4 Define keys (HO)
Package: pdftexcmds 2018/01/30 v0.27 Utility functions of pdfTeX for LuaTeX (HO
)
Package pdftexcmds Info: LuaTeX not detected.
Package pdftexcmds Info: \pdf@primitive is available.
Package pdftexcmds Info: \pdf@ifprimitive is available.
Package pdftexcmds Info: \pdfdraftmode found.
Package: pdfescape 2016/05/16 v1.14 Implements pdfTeX's escape features (HO)
Package: bigintcalc 2016/05/16 v1.4 Expandable calculations on big integers (HO
)
Package: bitset 2016/05/16 v1.2 Handle bit-vector datatype (HO)
Package: uniquecounter 2016/05/16 v1.3 Provide unlimited unique counter (HO)
)
Package hobsub Info: Skipping package `hobsub' (already loaded).
Package: letltxmacro 2016/05/16 v1.5 Let assignment for LaTeX macros (HO)
Package: hopatch 2016/05/16 v1.3 Wrapper for package hooks (HO)
Package: xcolor-patch 2016/05/16 xcolor patch
Package: atveryend 2016/05/16 v1.9 Hooks at the very end of document (HO)
Package atveryend Info: \enddocument detected (standard20110627).
Package: atbegshi 2016/06/09 v1.18 At begin shipout hook (HO)
Package: refcount 2016/05/16 v3.5 Data extraction from label references (HO)
Package: hycolor 2016/05/16 v1.8 Color options for hyperref/bookmark (HO)
)
("C:\Users\Eugenii\AppData\Local\Programs\MiKTeX 2.9\tex\latex\oberdiek\auxhook
.sty"
Package: auxhook 2016/05/16 v1.4 Hooks for auxiliary files (HO)
)
("C:\Users\Eugenii\AppData\Local\Programs\MiKTeX 2.9\tex\latex\oberdiek\kvoptio
ns.sty"
Package: kvoptions 2016/05/16 v3.12 Key value format for package options (HO)
)
\@linkdim=\dimen196
\Hy@linkcounter=\count143
\Hy@pagecounter=\count144

("C:\Users\Eugenii\AppData\Local\Programs\MiKTeX 2.9\tex\latex\hyperref\pd1enc.
def"
File: pd1enc.def 2018/02/06 v6.86b Hyperref: PDFDocEncoding definition (HO)
Now handling font encoding PD1 ...
... no UTF-8 mapping file for font encoding PD1
)
\Hy@SavedSpaceFactor=\count145

("C:\Users\Eugenii\AppData\Local\Programs\MiKTeX 2.9\tex\latex\00miktex\hyperre
f.cfg"
File: hyperref.cfg 2002/06/06 v1.2 hyperref configuration of TeXLive
)
Package hyperref Info: Hyper figures OFF on input line 4509.
Package hyperref Info: Link nesting OFF on input line 4514.
Package hyperref Info: Hyper index ON on input line 4517.
Package hyperref Info: Plain pages OFF on input line 4524.
Package hyperref Info: Backreferencing OFF on input line 4529.
Package hyperref Info: Implicit mode ON; LaTeX internals redefined.
Package hyperref Info: Bookmarks ON on input line 4762.
\c@Hy@tempcnt=\count146

("C:\Users\Eugenii\AppData\Local\Programs\MiKTeX 2.9\tex\latex\url\url.sty"
\Urlmuskip=\muskip11
Package: url 2013/09/16  ver 3.4  Verb mode for urls, etc.
)
LaTeX Info: Redefining \url on input line 5115.
\XeTeXLinkMargin=\dimen197
\Fld@menulength=\count147
\Field@Width=\dimen198
\Fld@charsize=\dimen199
Package hyperref Info: Hyper figures OFF on input line 6369.
Package hyperref Info: Link nesting OFF on input line 6374.
Package hyperref Info: Hyper index ON on input line 6377.
Package hyperref Info: backreferencing OFF on input line 6384.
Package hyperref Info: Link coloring OFF on input line 6389.
Package hyperref Info: Link coloring with OCG OFF on input line 6394.
Package hyperref Info: PDF/A mode OFF on input line 6399.
LaTeX Info: Redefining \ref on input line 6439.
LaTeX Info: Redefining \pageref on input line 6443.
\Hy@abspage=\count148
\c@Item=\count149
\c@Hfootnote=\count150
)
Package hyperref Info: Driver (autodetected): hpdftex.

("C:\Users\Eugenii\AppData\Local\Programs\MiKTeX 2.9\tex\latex\hyperref\hpdftex
.def"
File: hpdftex.def 2018/02/06 v6.86b Hyperref driver for pdfTeX
\Fld@listcount=\count151
\c@bookmark@seq@number=\count152

("C:\Users\Eugenii\AppData\Local\Programs\MiKTeX 2.9\tex\latex\oberdiek\rerunfi
lecheck.sty"
Package: rerunfilecheck 2016/05/16 v1.8 Rerun checks for auxiliary files (HO)
Package uniquecounter Info: New unique counter `rerunfilecheck' on input line 2
82.
)
\Hy@SectionHShift=\skip50
)
("C:\Users\Eugenii\AppData\Local\Programs\MiKTeX 2.9\tex\latex\caption\subcapti
on.sty"
Package: subcaption 2018/05/01 v1.1-162 Sub-captions (AR)

("C:\Users\Eugenii\AppData\Local\Programs\MiKTeX 2.9\tex\latex\caption\caption.
sty"
Package: caption 2018/10/06 v3.3-154 Customizing captions (AR)

("C:\Users\Eugenii\AppData\Local\Programs\MiKTeX 2.9\tex\latex\caption\caption3
.sty"
Package: caption3 2018/09/12 v1.8c caption3 kernel (AR)
Package caption3 Info: TeX engine: e-TeX on input line 64.
\captionmargin=\dimen256
\captionmargin@=\dimen257
\captionwidth=\dimen258
\caption@tempdima=\dimen259
\caption@indent=\dimen260
\caption@parindent=\dimen261
\caption@hangindent=\dimen262
)
\c@caption@flags=\count153
\c@ContinuedFloat=\count154
Package caption Info: float package is loaded.
Package caption Info: hyperref package is loaded.
Package caption Info: wrapfig package is loaded.
)
\c@subfigure=\count155
\c@subtable=\count156
)
Grid set 31 x 8 = 111.55315pt x 224.49223pt
TextBlockOrigin set to 40mm x 40mm
(defend_poster.aux)
\openout1 = `defend_poster.aux'.

LaTeX Font Info:    Checking defaults for OML/cmm/m/it on input line 108.
LaTeX Font Info:    ... okay on input line 108.
LaTeX Font Info:    Checking defaults for T1/cmr/m/n on input line 108.
LaTeX Font Info:    ... okay on input line 108.
LaTeX Font Info:    Checking defaults for OT1/cmr/m/n on input line 108.
LaTeX Font Info:    ... okay on input line 108.
LaTeX Font Info:    Checking defaults for OMS/cmsy/m/n on input line 108.
LaTeX Font Info:    ... okay on input line 108.
LaTeX Font Info:    Checking defaults for OMX/cmex/m/n on input line 108.
LaTeX Font Info:    ... okay on input line 108.
LaTeX Font Info:    Checking defaults for U/cmr/m/n on input line 108.
LaTeX Font Info:    ... okay on input line 108.
LaTeX Font Info:    Checking defaults for PD1/pdf/m/n on input line 108.
LaTeX Font Info:    ... okay on input line 108.

("C:\Users\Eugenii\AppData\Local\Programs\MiKTeX 2.9\tex\context\base\supp-pdf.
mkii"
[Loading MPS to PDF converter (version 2006.09.02).]
\scratchcounter=\count157
\scratchdimen=\dimen263
\scratchbox=\box47
\nofMPsegments=\count158
\nofMParguments=\count159
\everyMPshowfont=\toks44
\MPscratchCnt=\count160
\MPscratchDim=\dimen264
\MPnumerator=\count161
\makeMPintoPDFobject=\count162
\everyMPtoPDFconversion=\toks45
)
("C:\Users\Eugenii\AppData\Local\Programs\MiKTeX 2.9\tex\latex\oberdiek\epstopd
f-base.sty"
Package: epstopdf-base 2016/05/15 v2.6 Base part for package epstopdf

("C:\Users\Eugenii\AppData\Local\Programs\MiKTeX 2.9\tex\latex\oberdiek\grfext.
sty"
Package: grfext 2016/05/16 v1.2 Manage graphics extensions (HO)
)
Package epstopdf-base Info: Redefining graphics rule for `.eps' on input line 4
38.
Package grfext Info: Graphics extension search list:
(grfext)             [.pdf,.png,.jpg,.mps,.jpeg,.jbig2,.jb2,.PDF,.PNG,.JPG,.JPE
G,.JBIG2,.JB2,.eps]
(grfext)             \AppendGraphicsExtensions on input line 456.
) ABD: EveryShipout initializing macros

Package pgfplots Warning: running in backwards compatibility mode (unsuitable t
ick labels; missing features). Consider writing \pgfplotsset{compat=1.16} into 
your preamble.
 on input line 108.

*geometry* driver: auto-detecting
*geometry* detected driver: pdftex
*geometry* verbose mode - [ preamble ] result:
* driver: pdftex
* paper: custom
* layout: <same size as paper>
* layoutoffset:(h,v)=(0.0pt,0.0pt)
* modes: 
* h-part:(L,W,R)=(552.87112pt, 2580.02774pt, 552.87112pt)
* v-part:(T,H,B)=(242.82965pt, 1416.48581pt, 364.24454pt)
* \paperwidth=3685.76999pt
* \paperheight=2023.56pt
* \textwidth=2580.02774pt
* \textheight=1416.48581pt
* \oddsidemargin=480.60114pt
* \evensidemargin=480.60114pt
* \topmargin=170.55966pt
* \headheight=0.0pt
* \headsep=0.0pt
* \topskip=10.0pt
* \footskip=30.0pt
* \marginparwidth=65.0pt
* \marginparsep=11.0pt
* \columnsep=10.0pt
* \skip\footins=9.0pt plus 4.0pt minus 2.0pt
* \hoffset=0.0pt
* \voffset=0.0pt
* \mag=1000
* \@twocolumnfalse
* \@twosidefalse
* \@mparswitchfalse
* \@reversemarginfalse
* (1in=72.27pt=25.4mm, 1cm=28.453pt)

\AtBeginShipoutBox=\box48
Package hyperref Info: Link coloring OFF on input line 108.

("C:\Users\Eugenii\AppData\Local\Programs\MiKTeX 2.9\tex\latex\hyperref\nameref
.sty"
Package: nameref 2016/05/21 v2.44 Cross-referencing by name of section

("C:\Users\Eugenii\AppData\Local\Programs\MiKTeX 2.9\tex\generic\oberdiek\getti
tlestring.sty"
Package: gettitlestring 2016/05/16 v1.5 Cleanup title references (HO)
)
\c@section@level=\count163
)
LaTeX Info: Redefining \ref on input line 108.
LaTeX Info: Redefining \pageref on input line 108.
LaTeX Info: Redefining \nameref on input line 108.
 (defend_poster.out) (defend_poster.out)
\@outlinefile=\write6
\openout6 = `defend_poster.out'.

Package caption Info: Begin \AtBeginDocument code.
Package caption Info: End \AtBeginDocument code.


LaTeX Font Warning: Font shape `OT1/cmss/m/it' in size <35.83> not available
(Font)              Font shape `OT1/cmss/m/sl' tried instead on input line 140.


LaTeX Font Info:    Try loading font information for OT1+ztmcm on input line 16
3.

("C:\Users\Eugenii\AppData\Local\Programs\MiKTeX 2.9\tex\latex\psnfss\ot1ztmcm.
fd"
File: ot1ztmcm.fd 2000/01/03 Fontinst v1.801 font definitions for OT1/ztmcm.
)
LaTeX Font Info:    Try loading font information for OML+ztmcm on input line 16
3.

("C:\Users\Eugenii\AppData\Local\Programs\MiKTeX 2.9\tex\latex\psnfss\omlztmcm.
fd"
File: omlztmcm.fd 2000/01/03 Fontinst v1.801 font definitions for OML/ztmcm.
)
LaTeX Font Info:    Try loading font information for OMS+ztmcm on input line 16
3.

("C:\Users\Eugenii\AppData\Local\Programs\MiKTeX 2.9\tex\latex\psnfss\omsztmcm.
fd"
File: omsztmcm.fd 2000/01/03 Fontinst v1.801 font definitions for OMS/ztmcm.
)
LaTeX Font Info:    Try loading font information for OMX+ztmcm on input line 16
3.

("C:\Users\Eugenii\AppData\Local\Programs\MiKTeX 2.9\tex\latex\psnfss\omxztmcm.
fd"
File: omxztmcm.fd 2000/01/03 Fontinst v1.801 font definitions for OMX/ztmcm.
)
LaTeX Font Info:    Try loading font information for OT1+ptm on input line 163.


("C:\Users\Eugenii\AppData\Local\Programs\MiKTeX 2.9\tex\latex\psnfss\ot1ptm.fd
"
File: ot1ptm.fd 2001/06/04 font definitions for OT1/ptm.
)
LaTeX Font Info:    Font shape `OT1/ptm/bx/n' in size <24.88> not available
(Font)              Font shape `OT1/ptm/b/n' tried instead on input line 163.
LaTeX Font Info:    Font shape `OT1/ptm/bx/n' in size <17.28> not available
(Font)              Font shape `OT1/ptm/b/n' tried instead on input line 163.
LaTeX Font Info:    Font shape `OT1/ptm/bx/n' in size <14.4> not available
(Font)              Font shape `OT1/ptm/b/n' tried instead on input line 163.

Overfull \hbox (102.26117pt too wide) in paragraph at lines 174--176
\OT1/cmss/m/n/24.88 accuracy $\OT1/ztmcm/m/n/24.88 0 \OML/ztmcm/m/it/24.88 < " 
< []$\OT1/cmss/m/n/24.88 , start-ing point $\OML/ztmcm/m/it/24.88 x[] \OMS/ztmc
m/m/n/24.88 2 \OML/ztmcm/m/it/24.88 Q$\OT1/cmss/m/n/24.88 , ini-tial guess $\OM
L/ztmcm/m/it/24.88 L[] > \OT1/ztmcm/m/n/24.88 0$ []                            
                         
 []

Package epstopdf Info: Source file: <figures/linreg.eps>
(epstopdf)                    date: 2019-05-21 01:47:57
(epstopdf)                    size: 22940 bytes
(epstopdf)             Output file: <figures/linreg-eps-converted-to.pdf>
(epstopdf)                    date: 2019-05-21 01:48:45
(epstopdf)                    size: 12170 bytes
(epstopdf)             Command: <epstopdf --outfile=figures/linreg-eps-converte
d-to.pdf figures/linreg.eps>
(epstopdf)             \includegraphics on input line 257.
Package epstopdf Info: Output file is already uptodate.
<figures/linreg-eps-converted-to.pdf, id=6, 505.89pt x 433.62pt>
File: figures/linreg-eps-converted-to.pdf Graphic file (type pdf)
<use figures/linreg-eps-converted-to.pdf>
Package pdftex.def Info: figures/linreg-eps-converted-to.pdf  used on input lin
e 257.
(pdftex.def)             Requested size: 273.30997pt x 234.2704pt.
Package epstopdf Info: Source file: <figures/linreg_val.eps>
(epstopdf)                    date: 2019-05-21 01:47:52
(epstopdf)                    size: 23127 bytes
(epstopdf)             Output file: <figures/linreg_val-eps-converted-to.pdf>
(epstopdf)                    date: 2019-05-21 01:48:46
(epstopdf)                    size: 12355 bytes
(epstopdf)             Command: <epstopdf --outfile=figures/linreg_val-eps-conv
erted-to.pdf figures/linreg_val.eps>
(epstopdf)             \includegraphics on input line 262.
Package epstopdf Info: Output file is already uptodate.
<figures/linreg_val-eps-converted-to.pdf, id=7, 505.89pt x 433.62pt>
File: figures/linreg_val-eps-converted-to.pdf Graphic file (type pdf)
<use figures/linreg_val-eps-converted-to.pdf>
Package pdftex.def Info: figures/linreg_val-eps-converted-to.pdf  used on input
 line 262.
(pdftex.def)             Requested size: 273.30997pt x 234.2704pt.
Package epstopdf Info: Source file: <figures/linreg_L.eps>
(epstopdf)                    date: 2019-05-21 01:47:50
(epstopdf)                    size: 20428 bytes
(epstopdf)             Output file: <figures/linreg_L-eps-converted-to.pdf>
(epstopdf)                    date: 2019-05-21 01:48:47
(epstopdf)                    size: 12389 bytes
(epstopdf)             Command: <epstopdf --outfile=figures/linreg_L-eps-conver
ted-to.pdf figures/linreg_L.eps>
(epstopdf)             \includegraphics on input line 267.
Package epstopdf Info: Output file is already uptodate.
<figures/linreg_L-eps-converted-to.pdf, id=8, 505.89pt x 433.62pt>
File: figures/linreg_L-eps-converted-to.pdf Graphic file (type pdf)
<use figures/linreg_L-eps-converted-to.pdf>
Package pdftex.def Info: figures/linreg_L-eps-converted-to.pdf  used on input l
ine 267.
(pdftex.def)             Requested size: 273.30997pt x 234.2704pt.

Overfull \hbox (49.45647pt too wide) in paragraph at lines 255--270
[]$[]$ $[]$ $[]$ 
 []

Package epstopdf Info: Source file: <figures/mnist_linreg_bt.eps>
(epstopdf)                    date: 2019-05-21 01:47:43
(epstopdf)                    size: 163451 bytes
(epstopdf)             Output file: <figures/mnist_linreg_bt-eps-converted-to.p
df>
(epstopdf)                    date: 2019-05-21 01:48:48
(epstopdf)                    size: 53781 bytes
(epstopdf)             Command: <epstopdf --outfile=figures/mnist_linreg_bt-eps
-converted-to.pdf figures/mnist_linreg_bt.eps>
(epstopdf)             \includegraphics on input line 283.
Package epstopdf Info: Output file is already uptodate.
<figures/mnist_linreg_bt-eps-converted-to.pdf, id=9, 505.89pt x 433.62pt>
File: figures/mnist_linreg_bt-eps-converted-to.pdf Graphic file (type pdf)
<use figures/mnist_linreg_bt-eps-converted-to.pdf>
Package pdftex.def Info: figures/mnist_linreg_bt-eps-converted-to.pdf  used on 
input line 283.
(pdftex.def)             Requested size: 273.30997pt x 234.2704pt.
Package epstopdf Info: Source file: <figures/mnist_linreg_acc_ep.eps>
(epstopdf)                    date: 2019-05-21 01:47:37
(epstopdf)                    size: 27996 bytes
(epstopdf)             Output file: <figures/mnist_linreg_acc_ep-eps-converted-
to.pdf>
(epstopdf)                    date: 2019-05-21 01:48:50
(epstopdf)                    size: 15817 bytes
(epstopdf)             Command: <epstopdf --outfile=figures/mnist_linreg_acc_ep
-eps-converted-to.pdf figures/mnist_linreg_acc_ep.eps>
(epstopdf)             \includegraphics on input line 288.
Package epstopdf Info: Output file is already uptodate.
<figures/mnist_linreg_acc_ep-eps-converted-to.pdf, id=10, 505.89pt x 433.62pt>
File: figures/mnist_linreg_acc_ep-eps-converted-to.pdf Graphic file (type pdf)
<use figures/mnist_linreg_acc_ep-eps-converted-to.pdf>
Package pdftex.def Info: figures/mnist_linreg_acc_ep-eps-converted-to.pdf  used
 on input line 288.
(pdftex.def)             Requested size: 273.30997pt x 234.2704pt.
Package epstopdf Info: Source file: <figures/linreg_linreg_L.eps>
(epstopdf)                    date: 2019-05-21 01:47:37
(epstopdf)                    size: 21887 bytes
(epstopdf)             Output file: <figures/linreg_linreg_L-eps-converted-to.p
df>
(epstopdf)                    date: 2019-05-21 01:48:51
(epstopdf)                    size: 13080 bytes
(epstopdf)             Command: <epstopdf --outfile=figures/linreg_linreg_L-eps
-converted-to.pdf figures/linreg_linreg_L.eps>
(epstopdf)             \includegraphics on input line 293.
Package epstopdf Info: Output file is already uptodate.
<figures/linreg_linreg_L-eps-converted-to.pdf, id=11, 505.89pt x 433.62pt>
File: figures/linreg_linreg_L-eps-converted-to.pdf Graphic file (type pdf)
<use figures/linreg_linreg_L-eps-converted-to.pdf>
Package pdftex.def Info: figures/linreg_linreg_L-eps-converted-to.pdf  used on 
input line 293.
(pdftex.def)             Requested size: 273.30997pt x 234.2704pt.

Overfull \hbox (49.45647pt too wide) in paragraph at lines 281--296
[]$[]$ $[]$ $[]$ 
 []

Package epstopdf Info: Source file: <figures/mnist_fc_bt.eps>
(epstopdf)                    date: 2019-05-21 01:47:37
(epstopdf)                    size: 137492 bytes
(epstopdf)             Output file: <figures/mnist_fc_bt-eps-converted-to.pdf>
(epstopdf)                    date: 2019-05-21 01:48:52
(epstopdf)                    size: 47710 bytes
(epstopdf)             Command: <epstopdf --outfile=figures/mnist_fc_bt-eps-con
verted-to.pdf figures/mnist_fc_bt.eps>
(epstopdf)             \includegraphics on input line 302.
Package epstopdf Info: Output file is already uptodate.
<figures/mnist_fc_bt-eps-converted-to.pdf, id=12, 505.89pt x 433.62pt>
File: figures/mnist_fc_bt-eps-converted-to.pdf Graphic file (type pdf)
<use figures/mnist_fc_bt-eps-converted-to.pdf>
Package pdftex.def Info: figures/mnist_fc_bt-eps-converted-to.pdf  used on inpu
t line 302.
(pdftex.def)             Requested size: 273.30997pt x 234.2704pt.
Package epstopdf Info: Source file: <figures/mnist_fc_acc.eps>
(epstopdf)                    date: 2019-05-21 01:47:37
(epstopdf)                    size: 29181 bytes
(epstopdf)             Output file: <figures/mnist_fc_acc-eps-converted-to.pdf>

(epstopdf)                    date: 2019-05-21 01:48:53
(epstopdf)                    size: 16171 bytes
(epstopdf)             Command: <epstopdf --outfile=figures/mnist_fc_acc-eps-co
nverted-to.pdf figures/mnist_fc_acc.eps>
(epstopdf)             \includegraphics on input line 307.
Package epstopdf Info: Output file is already uptodate.
<figures/mnist_fc_acc-eps-converted-to.pdf, id=13, 505.89pt x 433.62pt>
File: figures/mnist_fc_acc-eps-converted-to.pdf Graphic file (type pdf)
<use figures/mnist_fc_acc-eps-converted-to.pdf>
Package pdftex.def Info: figures/mnist_fc_acc-eps-converted-to.pdf  used on inp
ut line 307.
(pdftex.def)             Requested size: 273.30997pt x 234.2704pt.
Package epstopdf Info: Source file: <figures/mnist_fc_L.eps>
(epstopdf)                    date: 2019-05-21 01:47:37
(epstopdf)                    size: 47867 bytes
(epstopdf)             Output file: <figures/mnist_fc_L-eps-converted-to.pdf>
(epstopdf)                    date: 2019-05-21 01:48:55
(epstopdf)                    size: 19060 bytes
(epstopdf)             Command: <epstopdf --outfile=figures/mnist_fc_L-eps-conv
erted-to.pdf figures/mnist_fc_L.eps>
(epstopdf)             \includegraphics on input line 312.
Package epstopdf Info: Output file is already uptodate.
<figures/mnist_fc_L-eps-converted-to.pdf, id=14, 505.89pt x 433.62pt>
File: figures/mnist_fc_L-eps-converted-to.pdf Graphic file (type pdf)
<use figures/mnist_fc_L-eps-converted-to.pdf>
Package pdftex.def Info: figures/mnist_fc_L-eps-converted-to.pdf  used on input
 line 312.
(pdftex.def)             Requested size: 273.30997pt x 234.2704pt.

Overfull \hbox (49.45647pt too wide) in paragraph at lines 300--315
[]$[]$ $[]$ $[]$ 
 []

Package epstopdf Info: Source file: <figures/mnist_cnn_bt.eps>
(epstopdf)                    date: 2019-05-21 01:47:37
(epstopdf)                    size: 148331 bytes
(epstopdf)             Output file: <figures/mnist_cnn_bt-eps-converted-to.pdf>

(epstopdf)                    date: 2019-05-21 01:48:56
(epstopdf)                    size: 48670 bytes
(epstopdf)             Command: <epstopdf --outfile=figures/mnist_cnn_bt-eps-co
nverted-to.pdf figures/mnist_cnn_bt.eps>
(epstopdf)             \includegraphics on input line 320.
Package epstopdf Info: Output file is already uptodate.
<figures/mnist_cnn_bt-eps-converted-to.pdf, id=15, 650.43pt x 433.62pt>
File: figures/mnist_cnn_bt-eps-converted-to.pdf Graphic file (type pdf)
<use figures/mnist_cnn_bt-eps-converted-to.pdf>
Package pdftex.def Info: figures/mnist_cnn_bt-eps-converted-to.pdf  used on inp
ut line 320.
(pdftex.def)             Requested size: 390.436pt x 260.2931pt.
Package epstopdf Info: Source file: <figures/mnist_cnn_L.eps>
(epstopdf)                    date: 2019-05-21 01:47:37
(epstopdf)                    size: 25169 bytes
(epstopdf)             Output file: <figures/mnist_cnn_L-eps-converted-to.pdf>
(epstopdf)                    date: 2019-05-21 01:48:57
(epstopdf)                    size: 14179 bytes
(epstopdf)             Command: <epstopdf --outfile=figures/mnist_cnn_L-eps-con
verted-to.pdf figures/mnist_cnn_L.eps>
(epstopdf)             \includegraphics on input line 325.
Package epstopdf Info: Output file is already uptodate.
<figures/mnist_cnn_L-eps-converted-to.pdf, id=16, 650.43pt x 433.62pt>
File: figures/mnist_cnn_L-eps-converted-to.pdf Graphic file (type pdf)
<use figures/mnist_cnn_L-eps-converted-to.pdf>
Package pdftex.def Info: figures/mnist_cnn_L-eps-converted-to.pdf  used on inpu
t line 325.
(pdftex.def)             Requested size: 390.436pt x 260.2931pt.

Overfull \hbox (5.19928pt too wide) in paragraph at lines 318--328
[]$[]$ $[]$ 
 []

Package epstopdf Info: Source file: <figures/cifar_cnn_bt.eps>
(epstopdf)                    date: 2019-05-21 01:47:37
(epstopdf)                    size: 393322 bytes
(epstopdf)             Output file: <figures/cifar_cnn_bt-eps-converted-to.pdf>

(epstopdf)                    date: 2019-05-21 01:48:58
(epstopdf)                    size: 109917 bytes
(epstopdf)             Command: <epstopdf --outfile=figures/cifar_cnn_bt-eps-co
nverted-to.pdf figures/cifar_cnn_bt.eps>
(epstopdf)             \includegraphics on input line 337.
Package epstopdf Info: Output file is already uptodate.
<figures/cifar_cnn_bt-eps-converted-to.pdf, id=17, 505.89pt x 433.62pt>
File: figures/cifar_cnn_bt-eps-converted-to.pdf Graphic file (type pdf)
<use figures/cifar_cnn_bt-eps-converted-to.pdf>
Package pdftex.def Info: figures/cifar_cnn_bt-eps-converted-to.pdf  used on inp
ut line 337.
(pdftex.def)             Requested size: 273.30997pt x 234.2704pt.
Package epstopdf Info: Source file: <figures/cifart_cnn_acc.eps>
(epstopdf)                    date: 2019-05-21 01:47:37
(epstopdf)                    size: 27328 bytes
(epstopdf)             Output file: <figures/cifart_cnn_acc-eps-converted-to.pd
f>
(epstopdf)                    date: 2019-05-21 01:48:59
(epstopdf)                    size: 16188 bytes
(epstopdf)             Command: <epstopdf --outfile=figures/cifart_cnn_acc-eps-
converted-to.pdf figures/cifart_cnn_acc.eps>
(epstopdf)             \includegraphics on input line 342.
Package epstopdf Info: Output file is already uptodate.
<figures/cifart_cnn_acc-eps-converted-to.pdf, id=18, 505.89pt x 433.62pt>
File: figures/cifart_cnn_acc-eps-converted-to.pdf Graphic file (type pdf)
<use figures/cifart_cnn_acc-eps-converted-to.pdf>
Package pdftex.def Info: figures/cifart_cnn_acc-eps-converted-to.pdf  used on i
nput line 342.
(pdftex.def)             Requested size: 273.30997pt x 234.2704pt.
Package epstopdf Info: Source file: <figures/cifar_cnn_L.eps>
(epstopdf)                    date: 2019-05-21 01:47:37
(epstopdf)                    size: 165601 bytes
(epstopdf)             Output file: <figures/cifar_cnn_L-eps-converted-to.pdf>
(epstopdf)                    date: 2019-05-21 01:49:01
(epstopdf)                    size: 41389 bytes
(epstopdf)             Command: <epstopdf --outfile=figures/cifar_cnn_L-eps-con
verted-to.pdf figures/cifar_cnn_L.eps>
(epstopdf)             \includegraphics on input line 347.
Package epstopdf Info: Output file is already uptodate.
<figures/cifar_cnn_L-eps-converted-to.pdf, id=19, 505.89pt x 433.62pt>
File: figures/cifar_cnn_L-eps-converted-to.pdf Graphic file (type pdf)
<use figures/cifar_cnn_L-eps-converted-to.pdf>
Package pdftex.def Info: figures/cifar_cnn_L-eps-converted-to.pdf  used on inpu
t line 347.
(pdftex.def)             Requested size: 273.30997pt x 234.2704pt.

Overfull \hbox (49.45647pt too wide) in paragraph at lines 335--350
[]$[]$ $[]$ $[]$ 
 []

Package epstopdf Info: Source file: <figures/alexnet_cnn_bt.eps>
(epstopdf)                    date: 2019-05-21 01:47:37
(epstopdf)                    size: 476825 bytes
(epstopdf)             Output file: <figures/alexnet_cnn_bt-eps-converted-to.pd
f>
(epstopdf)                    date: 2019-05-21 01:54:45
(epstopdf)                    size: 127269 bytes
(epstopdf)             Command: <epstopdf --outfile=figures/alexnet_cnn_bt-eps-
converted-to.pdf figures/alexnet_cnn_bt.eps>
(epstopdf)             \includegraphics on input line 359.
Package epstopdf Info: Output file is already uptodate.
<figures/alexnet_cnn_bt-eps-converted-to.pdf, id=20, 650.43pt x 433.62pt>
File: figures/alexnet_cnn_bt-eps-converted-to.pdf Graphic file (type pdf)
<use figures/alexnet_cnn_bt-eps-converted-to.pdf>
Package pdftex.def Info: figures/alexnet_cnn_bt-eps-converted-to.pdf  used on i
nput line 359.
(pdftex.def)             Requested size: 390.436pt x 260.2931pt.
Package epstopdf Info: Source file: <figures/alexnet_cnn_L.eps>
(epstopdf)                    date: 2019-05-21 01:47:37
(epstopdf)                    size: 21422 bytes
(epstopdf)             Output file: <figures/alexnet_cnn_L-eps-converted-to.pdf
>
(epstopdf)                    date: 2019-05-21 01:54:24
(epstopdf)                    size: 13230 bytes
(epstopdf)             Command: <epstopdf --outfile=figures/alexnet_cnn_L-eps-c
onverted-to.pdf figures/alexnet_cnn_L.eps>
(epstopdf)             \includegraphics on input line 364.
Package epstopdf Info: Output file is already uptodate.
<figures/alexnet_cnn_L-eps-converted-to.pdf, id=21, 650.43pt x 433.62pt>
File: figures/alexnet_cnn_L-eps-converted-to.pdf Graphic file (type pdf)
<use figures/alexnet_cnn_L-eps-converted-to.pdf>
Package pdftex.def Info: figures/alexnet_cnn_L-eps-converted-to.pdf  used on in
put line 364.
(pdftex.def)             Requested size: 390.436pt x 260.2931pt.

Overfull \hbox (5.19928pt too wide) in paragraph at lines 357--367
[]$[]$ $[]$ 
 []

Package epstopdf Info: Source file: <figures/imdb_ltm_ep.eps>
(epstopdf)                    date: 2019-05-21 01:47:37
(epstopdf)                    size: 28864 bytes
(epstopdf)             Output file: <figures/imdb_ltm_ep-eps-converted-to.pdf>
(epstopdf)                    date: 2019-05-21 01:57:01
(epstopdf)                    size: 15840 bytes
(epstopdf)             Command: <epstopdf --outfile=figures/imdb_ltm_ep-eps-con
verted-to.pdf figures/imdb_ltm_ep.eps>
(epstopdf)             \includegraphics on input line 374.
Package epstopdf Info: Output file is already uptodate.
<figures/imdb_ltm_ep-eps-converted-to.pdf, id=22, 505.89pt x 433.62pt>
File: figures/imdb_ltm_ep-eps-converted-to.pdf Graphic file (type pdf)
<use figures/imdb_ltm_ep-eps-converted-to.pdf>
Package pdftex.def Info: figures/imdb_ltm_ep-eps-converted-to.pdf  used on inpu
t line 374.
(pdftex.def)             Requested size: 273.30997pt x 234.2704pt.
Package epstopdf Info: Source file: <figures/imdb_lstm_val_acc.eps>
(epstopdf)                    date: 2019-05-21 01:47:37
(epstopdf)                    size: 30156 bytes
(epstopdf)             Output file: <figures/imdb_lstm_val_acc-eps-converted-to
.pdf>
(epstopdf)                    date: 2019-05-21 01:56:42
(epstopdf)                    size: 16228 bytes
(epstopdf)             Command: <epstopdf --outfile=figures/imdb_lstm_val_acc-e
ps-converted-to.pdf figures/imdb_lstm_val_acc.eps>
(epstopdf)             \includegraphics on input line 379.
Package epstopdf Info: Output file is already uptodate.
<figures/imdb_lstm_val_acc-eps-converted-to.pdf, id=23, 505.89pt x 433.62pt>
File: figures/imdb_lstm_val_acc-eps-converted-to.pdf Graphic file (type pdf)
<use figures/imdb_lstm_val_acc-eps-converted-to.pdf>
Package pdftex.def Info: figures/imdb_lstm_val_acc-eps-converted-to.pdf  used o
n input line 379.
(pdftex.def)             Requested size: 273.30997pt x 234.2704pt.
Package epstopdf Info: Source file: <figures/imdb_lstm_L.eps>
(epstopdf)                    date: 2019-05-21 01:47:37
(epstopdf)                    size: 88349 bytes
(epstopdf)             Output file: <figures/imdb_lstm_L-eps-converted-to.pdf>
(epstopdf)                    date: 2019-05-21 01:49:05
(epstopdf)                    size: 29130 bytes
(epstopdf)             Command: <epstopdf --outfile=figures/imdb_lstm_L-eps-con
verted-to.pdf figures/imdb_lstm_L.eps>
(epstopdf)             \includegraphics on input line 384.
Package epstopdf Info: Output file is already uptodate.
<figures/imdb_lstm_L-eps-converted-to.pdf, id=24, 505.89pt x 433.62pt>
File: figures/imdb_lstm_L-eps-converted-to.pdf Graphic file (type pdf)
<use figures/imdb_lstm_L-eps-converted-to.pdf>
Package pdftex.def Info: figures/imdb_lstm_L-eps-converted-to.pdf  used on inpu
t line 384.
(pdftex.def)             Requested size: 273.30997pt x 234.2704pt.

Overfull \hbox (49.45647pt too wide) in paragraph at lines 372--387
[]$[]$ $[]$ $[]$ 
 []

Package epstopdf Info: Source file: <figures/imdb_attn_ep.eps>
(epstopdf)                    date: 2019-05-21 01:47:37
(epstopdf)                    size: 28592 bytes
(epstopdf)             Output file: <figures/imdb_attn_ep-eps-converted-to.pdf>

(epstopdf)                    date: 2019-05-21 02:00:35
(epstopdf)                    size: 16167 bytes
(epstopdf)             Command: <epstopdf --outfile=figures/imdb_attn_ep-eps-co
nverted-to.pdf figures/imdb_attn_ep.eps>
(epstopdf)             \includegraphics on input line 392.
Package epstopdf Info: Output file is already uptodate.
<figures/imdb_attn_ep-eps-converted-to.pdf, id=25, 505.89pt x 433.62pt>
File: figures/imdb_attn_ep-eps-converted-to.pdf Graphic file (type pdf)
<use figures/imdb_attn_ep-eps-converted-to.pdf>
Package pdftex.def Info: figures/imdb_attn_ep-eps-converted-to.pdf  used on inp
ut line 392.
(pdftex.def)             Requested size: 273.30997pt x 234.2704pt.
Package epstopdf Info: Source file: <figures/imdb_attn_val_acc.eps>
(epstopdf)                    date: 2019-05-21 01:46:32
(epstopdf)                    size: 28626 bytes
(epstopdf)             Output file: <figures/imdb_attn_val_acc-eps-converted-to
.pdf>
(epstopdf)                    date: 2019-05-21 02:00:36
(epstopdf)                    size: 16028 bytes
(epstopdf)             Command: <epstopdf --outfile=figures/imdb_attn_val_acc-e
ps-converted-to.pdf figures/imdb_attn_val_acc.eps>
(epstopdf)             \includegraphics on input line 397.
Package epstopdf Info: Output file is already uptodate.
<figures/imdb_attn_val_acc-eps-converted-to.pdf, id=26, 505.89pt x 433.62pt>
File: figures/imdb_attn_val_acc-eps-converted-to.pdf Graphic file (type pdf)
<use figures/imdb_attn_val_acc-eps-converted-to.pdf>
Package pdftex.def Info: figures/imdb_attn_val_acc-eps-converted-to.pdf  used o
n input line 397.
(pdftex.def)             Requested size: 273.30997pt x 234.2704pt.
Package epstopdf Info: Source file: <figures/imdb_attn_L.eps>
(epstopdf)                    date: 2019-05-21 02:01:26
(epstopdf)                    size: 103160 bytes
(epstopdf)             Output file: <figures/imdb_attn_L-eps-converted-to.pdf>
(epstopdf)                    date: 2019-05-21 02:01:47
(epstopdf)                    size: 32984 bytes
(epstopdf)             Command: <epstopdf --outfile=figures/imdb_attn_L-eps-con
verted-to.pdf figures/imdb_attn_L.eps>
(epstopdf)             \includegraphics on input line 402.
Package epstopdf Info: Output file is already uptodate.
<figures/imdb_attn_L-eps-converted-to.pdf, id=27, 505.89pt x 433.62pt>
File: figures/imdb_attn_L-eps-converted-to.pdf Graphic file (type pdf)
<use figures/imdb_attn_L-eps-converted-to.pdf>
Package pdftex.def Info: figures/imdb_attn_L-eps-converted-to.pdf  used on inpu
t line 402.
(pdftex.def)             Requested size: 273.30997pt x 234.2704pt.

Overfull \hbox (49.45647pt too wide) in paragraph at lines 390--405
[]$[]$ $[]$ $[]$ 
 []

[1{C:/Users/Eugenii/AppData/Local/MiKTeX/2.9/pdftex/config/pdftex.map}
Non-PDF special ignored!
<special> header=psfrag.pro

Non-PDF special ignored!
<special> header=./a0header.ps
Non-PDF special ignored!
<special> papersize=118.82cm,83.96cm
 <./figures/linreg-eps-converted-to.pdf> <./figures/linreg_val-eps-converted-to
.pdf> <./figures/linreg_L-eps-converted-to.pdf> <./figures/mnist_linreg_bt-eps-
converted-to.pdf> <./figures/mnist_linreg_acc_ep-eps-converted-to.pdf> <./figur
es/linreg_linreg_L-eps-converted-to.pdf> <./figures/mnist_fc_bt-eps-converted-t
o.pdf> <./figures/mnist_fc_acc-eps-converted-to.pdf> <./figures/mnist_fc_L-eps-
converted-to.pdf> <./figures/mnist_cnn_bt-eps-converted-to.pdf> <./figures/mnis
t_cnn_L-eps-converted-to.pdf> <./figures/cifar_cnn_bt-eps-converted-to.pdf> <./
figures/cifart_cnn_acc-eps-converted-to.pdf> <./figures/cifar_cnn_L-eps-convert
ed-to.pdf> <./figures/alexnet_cnn_bt-eps-converted-to.pdf> <./figures/alexnet_c
nn_L-eps-converted-to.pdf> <./figures/imdb_ltm_ep-eps-converted-to.pdf> <./figu
res/imdb_lstm_val_acc-eps-converted-to.pdf> <./figures/imdb_lstm_L-eps-converte
d-to.pdf> <./figures/imdb_attn_ep-eps-converted-to.pdf> <./figures/imdb_attn_va
l_acc-eps-converted-to.pdf> <./figures/imdb_attn_L-eps-converted-to.pdf>]
Package atveryend Info: Empty hook `BeforeClearDocument' on input line 420.
Package atveryend Info: Empty hook `AfterLastShipout' on input line 420.

(defend_poster.aux)
Package atveryend Info: Executing hook `AtVeryEndDocument' on input line 420.
Package atveryend Info: Executing hook `AtEndAfterFileList' on input line 420.
Package rerunfilecheck Info: File `defend_poster.out' has not changed.
(rerunfilecheck)             Checksum: D41D8CD98F00B204E9800998ECF8427E;0.
Package atveryend Info: Empty hook `AtVeryVeryEnd' on input line 420.
 ) 
Here is how much of TeX's memory you used:
 28450 strings out of 492973
 697461 string characters out of 3125806
 879682 words of memory out of 3000000
 31781 multiletter control sequences out of 15000+200000
 29648 words of font info for 75 fonts, out of 3000000 for 9000
 1141 hyphenation exceptions out of 8191
 69i,7n,98p,713b,609s stack positions out of 5000i,500n,10000p,200000b,50000s
{C:/Users/Eugenii/AppData/Local/Programs/MiKTeX 2.9/fonts/enc/dvips/base/8r.e
nc}<C:/Users/Eugenii/AppData/Local/Programs/MiKTeX 2.9/fonts/type1/public/amsfo
nts/cm/cmex10.pfb><C:/Users/Eugenii/AppData/Local/Programs/MiKTeX 2.9/fonts/typ
e1/public/amsfonts/cm/cmmi10.pfb><C:/Users/Eugenii/AppData/Local/Programs/MiKTe
X 2.9/fonts/type1/public/amsfonts/cm/cmr10.pfb><C:/Users/Eugenii/AppData/Local/
Programs/MiKTeX 2.9/fonts/type1/public/amsfonts/cm/cmss17.pfb><C:/Users/Eugenii
/AppData/Local/Programs/MiKTeX 2.9/fonts/type1/public/amsfonts/cm/cmssbx10.pfb>
<C:/Users/Eugenii/AppData/Local/Programs/MiKTeX 2.9/fonts/type1/public/amsfonts
/cm/cmssi17.pfb><C:/Users/Eugenii/AppData/Local/Programs/MiKTeX 2.9/fonts/type1
/public/amsfonts/cm/cmsy10.pfb><C:/Users/Eugenii/AppData/Local/Programs/MiKTeX 
2.9/fonts/type1/public/amsfonts/symbols/msbm10.pfb><C:/Users/Eugenii/AppData/Lo
cal/Programs/MiKTeX 2.9/fonts/type1/public/rsfs/rsfs10.pfb><C:/Users/Eugenii/Ap
pData/Local/Programs/MiKTeX 2.9/fonts/type1/urw/symbol/usyr.pfb><C:/Users/Eugen
ii/AppData/Local/Programs/MiKTeX 2.9/fonts/type1/urw/symbol/usyr.pfb><C:/Users/
Eugenii/AppData/Local/Programs/MiKTeX 2.9/fonts/type1/urw/times/utmb8a.pfb><C:/
Users/Eugenii/AppData/Local/Programs/MiKTeX 2.9/fonts/type1/urw/times/utmr8a.pf
b><C:/Users/Eugenii/AppData/Local/Programs/MiKTeX 2.9/fonts/type1/urw/times/utm
ri8a.pfb>
Output written on defend_poster.pdf (1 page, 782683 bytes).
PDF statistics:
 905 PDF objects out of 1000 (max. 8388607)
 13 named destinations out of 1000 (max. 500000)
 123 words of extra memory for PDF output out of 10000 (max. 10000000)

